d:\project\fsc222\debug\vc142.pdb
d:\project\fsc222\debug\vc142.idb
d:\project\fsc222\debug\sm_main.obj
d:\project\fsc222\debug\rte_sm.obj
d:\project\fsc222\debug\sm_heartbeat.obj
d:\project\fsc222\debug\main.obj
d:\project\fsc222\debug\timers.obj
d:\project\fsc222\debug\tasks.obj
d:\project\fsc222\debug\stream_buffer.obj
d:\project\fsc222\debug\queue.obj
d:\project\fsc222\debug\port.obj
d:\project\fsc222\debug\list.obj
d:\project\fsc222\debug\event_groups.obj
d:\project\fsc222\debug\croutine.obj
d:\project\fsc222\debug\test_driver.obj
d:\project\fsc222\debug\j1939_protocol_stack.obj
d:\project\fsc222\debug\axep_stack.obj
d:\project\fsc222\debug\staticallocation.obj
d:\project\fsc222\debug\can_switch.obj
d:\project\fsc222\debug\aa_data.obj
d:\project\fsc222\debug\aa.obj
d:\project\fsc222\debug\rte_task.obj
d:\project\fsc222\debug\rte_main.obj
d:\project\fsc222\debug\rte_pool.obj
d:\project\fsc222\debug\rte_aa.obj
d:\project\fsc222\debug\sm_state.obj
d:\project\fsc222\debug\sm_exception.obj
d:\project\fsc222\debug\sm_cooperate.obj
d:\project\fsc222\debug\rte_health_monitor.obj
d:\project\fsc222\debug\test_aa.obj
d:\project\fsc222\debug\eeprom.obj
d:\project\fsc222\debug\fsc222.exe
d:\project\fsc222\debug\fsc222.ilk
d:\project\fsc222\debug\fsc222.pdb
d:\project\fsc222\debug\test_aa.obj.enc
d:\project\fsc222\debug\fsc222.tlog\cl.command.1.tlog
d:\project\fsc222\debug\fsc222.tlog\cl.read.1.tlog
d:\project\fsc222\debug\fsc222.tlog\cl.write.1.tlog
d:\project\fsc222\debug\fsc222.tlog\link.command.1.tlog
d:\project\fsc222\debug\fsc222.tlog\link.read.1.tlog
d:\project\fsc222\debug\fsc222.tlog\link.write.1.tlog
